19/07/2020 22:57:36
8418 lines, 145 files, 58.055172 avgl, 206078 characters
OpenGLShader.cpp, 555 lines, 16296 characters
20/07/2020 02:16:47
8486 lines, 148 files, 57.337838 avgl, 207851 characters
OpenGLShader.cpp, 555 lines, 16296 characters
22/07/2020 01:57:24
25/07/2020 14:33:58
8995 lines, 151 files, 59.569536 avgl, 224905 characters
OpenGLShader.cpp, 555 lines, 16296 characters
26/07/2020 00:32:34
9234 lines, 157 files, 58.815287 avgl, 231209 characters
OpenGLShader.cpp, 555 lines, 16296 characters
16/08/2020 17:37:39
9490 lines, 158 files, 60.063291 avgl, 236484 characters
OpenGLShader.cpp, 555 lines, 16295 characters
19/08/2020 23:09:48
9356 lines, 163 files, 57.398773 avgl, 232319 characters
OpenGLShader.cpp, 555 lines, 16295 characters
25/08/2020 20:55:48
9772 lines, 168 files, 58.166667 avgl, 243745 characters
OpenGLShader.cpp, 741 lines, 21645 characters
26/08/2020 13:42:16
10007 lines, 170 files, 58.864706 avgl, 250299 characters
OpenGLShader.cpp, 741 lines, 21645 characters
